tee: Nextflow_output/stdout.txt: No such file or directory
N E X T F L O W  ~  version 18.10.1
Launching `run_quandenser.nf` [dreamy_bassi] - revision: 238a22f3b1
[warm up] executor > local
[da/6f34d7] Submitted process > tide_indexing
[6f/da4f84] Submitted process > quandenser
Dinosaur 1.1.3    built:${maven.build.timestamp}
  mzML file: /proj/snic2019-8-16/nobackup/MSfiles/mzML/A1.mzML
    out dir: Quandenser_output/dinosaur
   out name: A1

.                              .
[==============================]all hills, n=927733
hill checkSum = 324631373529488
peaky hills, n=916241
peaky hill checkSum = 317221605076127
  nScans    nHills
         2        0
         3   257503
         4   140685
      5-10   279192
     10-20   151649
     20-50    76478
    50-100     9668
   100-200     1066
   200-500        0
  500-1000        0
 1000-2000        0
 2000-5000        0
5000-10000        0
    >10000        0
writing hill reports...
hill reports written
edges assembled
clusters ripped, n=122191
clusters deconvolved
deisotoping complete
isotopes, n=114979
writing isotope pattern reports...
isotope pattern reports written

=== OUTPUT ===
  writing global isotope pattern file Quandenser_output/dinosaur/A1.features.tsv

=== PROFILING ===
         mzml parse time: _ days __:__:29.891
           centroid time: _ days __:__:__.___
        hill report time: _ days __:__:53.626
          deisotope time: _ days __:_1:38.112
 iso pattern report time: _ days __:__:__._10
         mass calib time: _ days __:__:_2.454
              write time: _ days __:__:_2.520

         deiso edge time: _ days __:__:34.640
          deiso rip time: _ days __:__:__.638
       deiso deconv time: _ days __:_1:02.825

total time: _ days __:_3:07.150
Dinosaur 1.1.3    built:${maven.build.timestamp}
  mzML file: /proj/snic2019-8-16/nobackup/MSfiles/mzML/A2.mzML
    out dir: Quandenser_output/dinosaur
   out name: A2

.                              .
[==============================]all hills, n=914241
hill checkSum = 314638610489450
peaky hills, n=903370
peaky hill checkSum = 307732241281189
  nScans    nHills
         2        0
         3   253940
         4   139200
      5-10   273312
     10-20   149872
     20-50    76236
    50-100     9775
   100-200     1035
   200-500        0
  500-1000        0
 1000-2000        0
 2000-5000        0
5000-10000        0
    >10000        0
writing hill reports...
hill reports written
edges assembled
clusters ripped, n=120533
clusters deconvolved
deisotoping complete
isotopes, n=113930
writing isotope pattern reports...
isotope pattern reports written

=== OUTPUT ===
  writing global isotope pattern file Quandenser_output/dinosaur/A2.features.tsv

=== PROFILING ===
         mzml parse time: _ days __:__:27.447
           centroid time: _ days __:__:__.___
        hill report time: _ days __:__:55.834
          deisotope time: _ days __:_1:12.477
 iso pattern report time: _ days __:__:__._10
         mass calib time: _ days __:__:_1.776
              write time: _ days __:__:_2.229

         deiso edge time: _ days __:__:31.798
          deiso rip time: _ days __:__:__.328
       deiso deconv time: _ days __:__:40.345

total time: _ days __:_2:40.200
Dinosaur 1.1.3    built:${maven.build.timestamp}
  mzML file: /proj/snic2019-8-16/nobackup/MSfiles/mzML/A3.mzML
    out dir: Quandenser_output/dinosaur
   out name: A3

.                              .
[==============================]all hills, n=921343
hill checkSum = 319167465582039
peaky hills, n=910008
peaky hill checkSum = 311926349725127
  nScans    nHills
         2        0
         3   255804
         4   139758
      5-10   277015
     10-20   150079
     20-50    76530
    50-100     9730
   100-200     1092
   200-500        0
  500-1000        0
 1000-2000        0
 2000-5000        0
5000-10000        0
    >10000        0
writing hill reports...
hill reports written
edges assembled
clusters ripped, n=121036
clusters deconvolved
deisotoping complete
isotopes, n=112898
writing isotope pattern reports...
isotope pattern reports written

=== OUTPUT ===
  writing global isotope pattern file Quandenser_output/dinosaur/A3.features.tsv

=== PROFILING ===
         mzml parse time: _ days __:__:29.032
           centroid time: _ days __:__:__.___
        hill report time: _ days __:__:48.837
          deisotope time: _ days __:_1:38.396
 iso pattern report time: _ days __:__:__._10
         mass calib time: _ days __:__:_3.386
              write time: _ days __:__:_2.792

         deiso edge time: _ days __:__:33.031
          deiso rip time: _ days __:__:__.589
       deiso deconv time: _ days __:_1:04.768

total time: _ days __:_3:02.889
Dinosaur 1.1.3    built:${maven.build.timestamp}
  mzML file: /proj/snic2019-8-16/nobackup/MSfiles/mzML/B1.mzML
    out dir: Quandenser_output/dinosaur
   out name: B1

.                              .
[==============================]all hills, n=909707
hill checkSum = 312186326108959
peaky hills, n=899333
peaky hill checkSum = 305617100669594
  nScans    nHills
         2        0
         3   260432
         4   140996
      5-10   272303
     10-20   145050
     20-50    71151
    50-100     8444
   100-200      957
   200-500        0
  500-1000        0
 1000-2000        0
 2000-5000        0
5000-10000        0
    >10000        0
writing hill reports...
hill reports written
edges assembled
clusters ripped, n=121092
clusters deconvolved
deisotoping complete
isotopes, n=114066
writing isotope pattern reports...
isotope pattern reports written

=== OUTPUT ===
  writing global isotope pattern file Quandenser_output/dinosaur/B1.features.tsv

=== PROFILING ===
         mzml parse time: _ days __:__:26.824
           centroid time: _ days __:__:__.___
        hill report time: _ days __:__:45.021
          deisotope time: _ days __:_1:05.836
 iso pattern report time: _ days __:__:__.__7
         mass calib time: _ days __:__:_1.624
              write time: _ days __:__:_1.992

         deiso edge time: _ days __:__:30.899
          deiso rip time: _ days __:__:__.407
       deiso deconv time: _ days __:__:34.526

total time: _ days __:_2:21.736
Dinosaur 1.1.3    built:${maven.build.timestamp}
  mzML file: /proj/snic2019-8-16/nobackup/MSfiles/mzML/B2.mzML
    out dir: Quandenser_output/dinosaur
   out name: B2

.                              .
[==============================]all hills, n=915504
hill checkSum = 316368485393870
peaky hills, n=904930
peaky hill checkSum = 309604271484471
  nScans    nHills
         2        0
         3   263343
         4   141140
      5-10   274138
     10-20   145578
     20-50    71272
    50-100     8541
   100-200      918
   200-500        0
  500-1000        0
 1000-2000        0
 2000-5000        0
5000-10000        0
    >10000        0
writing hill reports...
hill reports written
edges assembled
clusters ripped, n=121944
clusters deconvolved
deisotoping complete
isotopes, n=113780
writing isotope pattern reports...
isotope pattern reports written

=== OUTPUT ===
  writing global isotope pattern file Quandenser_output/dinosaur/B2.features.tsv

=== PROFILING ===
         mzml parse time: _ days __:__:28.809
           centroid time: _ days __:__:__.___
        hill report time: _ days __:__:44.132
          deisotope time: _ days __:__:57.195
 iso pattern report time: _ days __:__:__._11
         mass calib time: _ days __:__:_1.919
              write time: _ days __:__:_2.254

         deiso edge time: _ days __:__:30.711
          deiso rip time: _ days __:__:__.539
       deiso deconv time: _ days __:__:25.940

total time: _ days __:_2:14.741
Dinosaur 1.1.3    built:${maven.build.timestamp}
  mzML file: /proj/snic2019-8-16/nobackup/MSfiles/mzML/B3.mzML
    out dir: Quandenser_output/dinosaur
   out name: B3

.                              .
[==============================]all hills, n=908824
hill checkSum = 311174237301475
peaky hills, n=898266
peaky hill checkSum = 304500412852213
  nScans    nHills
         2        0
         3   261057
         4   140241
      5-10   270961
     10-20   144985
     20-50    71581
    50-100     8506
   100-200      935
   200-500        0
  500-1000        0
 1000-2000        0
 2000-5000        0
5000-10000        0
    >10000        0
writing hill reports...
hill reports written
edges assembled
clusters ripped, n=120096
clusters deconvolved
deisotoping complete
isotopes, n=112420
writing isotope pattern reports...
isotope pattern reports written

=== OUTPUT ===
  writing global isotope pattern file Quandenser_output/dinosaur/B3.features.tsv

=== PROFILING ===
         mzml parse time: _ days __:__:26.770
           centroid time: _ days __:__:__.___
        hill report time: _ days __:__:49.660
          deisotope time: _ days __:_1:04.490
 iso pattern report time: _ days __:__:__._10
         mass calib time: _ days __:__:_2.819
              write time: _ days __:__:_1.880

         deiso edge time: _ days __:__:31.737
          deiso rip time: _ days __:__:__.542
       deiso deconv time: _ days __:__:32.206

total time: _ days __:_2:26.099
Dinosaur 1.1.3    built:${maven.build.timestamp}
  mzML file: /proj/snic2019-8-16/nobackup/MSfiles/mzML/C1.mzML
    out dir: Quandenser_output/dinosaur
   out name: C1

.                              .
[==============================]all hills, n=885425
hill checkSum = 285307873154479
peaky hills, n=872610
peaky hill checkSum = 277653445362623
  nScans    nHills
         2        0
         3   236122
         4   130068
      5-10   267832
     10-20   150404
     20-50    76122
    50-100    10760
   100-200     1302
   200-500        0
  500-1000        0
 1000-2000        0
 2000-5000        0
5000-10000        0
    >10000        0
writing hill reports...
hill reports written
edges assembled
clusters ripped, n=115818
clusters deconvolved
deisotoping complete
isotopes, n=107540
writing isotope pattern reports...
isotope pattern reports written

=== OUTPUT ===
  writing global isotope pattern file Quandenser_output/dinosaur/C1.features.tsv

=== PROFILING ===
         mzml parse time: _ days __:__:27.508
           centroid time: _ days __:__:__.___
        hill report time: _ days __:__:47.080
          deisotope time: _ days __:__:56.616
 iso pattern report time: _ days __:__:__.__7
         mass calib time: _ days __:__:_1.895
              write time: _ days __:__:_2.045

         deiso edge time: _ days __:__:28.599
          deiso rip time: _ days __:__:__.433
       deiso deconv time: _ days __:__:27.580

total time: _ days __:_2:15.604
Dinosaur 1.1.3    built:${maven.build.timestamp}
  mzML file: /proj/snic2019-8-16/nobackup/MSfiles/mzML/C2.mzML
    out dir: Quandenser_output/dinosaur
   out name: C2

.                              .
[==============================]all hills, n=887877
hill checkSum = 286477505816983
peaky hills, n=875064
peaky hill checkSum = 278831429470513
  nScans    nHills
         2        0
         3   235486
         4   130287
      5-10   268124
     10-20   151802
     20-50    77426
    50-100    10609
   100-200     1330
   200-500        0
  500-1000        0
 1000-2000        0
 2000-5000        0
5000-10000        0
    >10000        0
writing hill reports...
hill reports written
edges assembled
clusters ripped, n=115285
clusters deconvolved
deisotoping complete
isotopes, n=106763
writing isotope pattern reports...
isotope pattern reports written

=== OUTPUT ===
  writing global isotope pattern file Quandenser_output/dinosaur/C2.features.tsv

=== PROFILING ===
         mzml parse time: _ days __:__:28.025
           centroid time: _ days __:__:__.___
        hill report time: _ days __:__:51.937
          deisotope time: _ days __:__:58.831
 iso pattern report time: _ days __:__:__.__9
         mass calib time: _ days __:__:_1.728
              write time: _ days __:__:_2.316

         deiso edge time: _ days __:__:30.595
          deiso rip time: _ days __:__:__.465
       deiso deconv time: _ days __:__:27.766

total time: _ days __:_2:23.282
Dinosaur 1.1.3    built:${maven.build.timestamp}
  mzML file: /proj/snic2019-8-16/nobackup/MSfiles/mzML/C3.mzML
    out dir: Quandenser_output/dinosaur
   out name: C3

.                              .
[==============================]all hills, n=899367
hill checkSum = 294190554609446
peaky hills, n=885902
peaky hill checkSum = 286054386183667
  nScans    nHills
         2        0
         3   238218
         4   131029
      5-10   271676
     10-20   154615
     20-50    78496
    50-100    10591
   100-200     1277
   200-500        0
  500-1000        0
 1000-2000        0
 2000-5000        0
5000-10000        0
    >10000        0
writing hill reports...
hill reports written
edges assembled
clusters ripped, n=116472
clusters deconvolved
deisotoping complete
isotopes, n=107359
writing isotope pattern reports...
isotope pattern reports written

=== OUTPUT ===
  writing global isotope pattern file Quandenser_output/dinosaur/C3.features.tsv

=== PROFILING ===
         mzml parse time: _ days __:__:26.759
           centroid time: _ days __:__:__.___
        hill report time: _ days __:__:54.957
          deisotope time: _ days __:__:57.918
 iso pattern report time: _ days __:__:__.__9
         mass calib time: _ days __:__:_2.599
              write time: _ days __:__:_2.528

         deiso edge time: _ days __:__:31.946
          deiso rip time: _ days __:__:__.315
       deiso deconv time: _ days __:__:25.649

total time: _ days __:_2:25.196
Dinosaur 1.1.3    built:${maven.build.timestamp}
  mzML file: /proj/snic2019-8-16/nobackup/MSfiles/mzML/C2.mzML
    out dir: Quandenser_output/percolator/search_and_link_6_to_7.psms.pout_dinosaur
   out name: C2

.                              .
[==============================]all hills, n=887877
hill checkSum = 286477509543789
peaky hills, n=875064
peaky hill checkSum = 278831433129352
  nScans    nHills
         2        0
         3   235486
         4   130287
      5-10   268124
     10-20   151802
     20-50    77426
    50-100    10609
   100-200     1330
   200-500        0
  500-1000        0
 1000-2000        0
 2000-5000        0
5000-10000        0
    >10000        0
writing hill reports...
hill reports written
=== IN TARGETED MODE - BEWARE!!! ===
deisotoping complete
isotopes, n=362228

=== OUTPUT ===
  writing targeted isotope pattern file Quandenser_output/percolator/search_and_link_6_to_7.psms.pout_dinosaur/C2.targets.csv

=== PROFILING ===
         mzml parse time: _ days __:__:23.999
           centroid time: _ days __:__:__.___
        hill report time: _ days __:__:47.521
          deisotope time: _ days __:__:53.223
 iso pattern report time: _ days __:__:__.___
         mass calib time: _ days __:__:25.690
              write time: _ days __:__:_3.638

         deiso edge time: _ days __:__:__.___
          deiso rip time: _ days __:__:__.___
       deiso deconv time: _ days __:__:__.___

total time: _ days __:_2:41.129
Dinosaur 1.1.3    built:${maven.build.timestamp}
  mzML file: /proj/snic2019-8-16/nobackup/MSfiles/mzML/B2.mzML
    out dir: Quandenser_output/percolator/search_and_link_5_to_4.psms.pout_dinosaur
   out name: B2

.                              .
[==============================]all hills, n=915504
hill checkSum = 316368475811815
peaky hills, n=904930
peaky hill checkSum = 309604262009790
  nScans    nHills
         2        0
         3   263343
         4   141140
      5-10   274138
     10-20   145578
     20-50    71272
    50-100     8541
   100-200      918
   200-500        0
  500-1000        0
 1000-2000        0
 2000-5000        0
5000-10000        0
    >10000        0
writing hill reports...
hill reports written
=== IN TARGETED MODE - BEWARE!!! ===
deisotoping complete
isotopes, n=385272

=== OUTPUT ===
  writing targeted isotope pattern file Quandenser_output/percolator/search_and_link_5_to_4.psms.pout_dinosaur/B2.targets.csv

=== PROFILING ===
         mzml parse time: _ days __:__:26.217
           centroid time: _ days __:__:__.___
        hill report time: _ days __:__:51.736
          deisotope time: _ days __:__:57.242
 iso pattern report time: _ days __:__:__.___
         mass calib time: _ days __:__:18.349
              write time: _ days __:__:_5.275

         deiso edge time: _ days __:__:__.___
          deiso rip time: _ days __:__:__.___
       deiso deconv time: _ days __:__:__.___

total time: _ days __:_2:47.863
Dinosaur 1.1.3    built:${maven.build.timestamp}
  mzML file: /proj/snic2019-8-16/nobackup/MSfiles/mzML/C3.mzML
    out dir: Quandenser_output/percolator/search_and_link_7_to_8.psms.pout_dinosaur
   out name: C3

.                              .
[==============================]all hills, n=899367
hill checkSum = 294190552942175
peaky hills, n=885902
peaky hill checkSum = 286054384542758
  nScans    nHills
         2        0
         3   238218
         4   131029
      5-10   271676
     10-20   154615
     20-50    78496
    50-100    10591
   100-200     1277
   200-500        0
  500-1000        0
 1000-2000        0
 2000-5000        0
5000-10000        0
    >10000        0
writing hill reports...
hill reports written
=== IN TARGETED MODE - BEWARE!!! ===
deisotoping complete
isotopes, n=438923

=== OUTPUT ===
  writing targeted isotope pattern file Quandenser_output/percolator/search_and_link_7_to_8.psms.pout_dinosaur/C3.targets.csv

=== PROFILING ===
         mzml parse time: _ days __:__:26.910
           centroid time: _ days __:__:__.___
        hill report time: _ days __:__:54.584
          deisotope time: _ days __:_1:20.923
 iso pattern report time: _ days __:__:__.___
         mass calib time: _ days __:__:23.426
              write time: _ days __:__:_5.108

         deiso edge time: _ days __:__:__.___
          deiso rip time: _ days __:__:__.___
       deiso deconv time: _ days __:__:__.___

total time: _ days __:_3:21.619
Dinosaur 1.1.3    built:${maven.build.timestamp}
  mzML file: /proj/snic2019-8-16/nobackup/MSfiles/mzML/A2.mzML
    out dir: Quandenser_output/percolator/search_and_link_4_to_1.psms.pout_dinosaur
   out name: A2

.                              .
[==============================]all hills, n=914241
hill checkSum = 314638608618191
peaky hills, n=903370
peaky hill checkSum = 307732239455964
  nScans    nHills
         2        0
         3   253940
         4   139200
      5-10   273312
     10-20   149872
     20-50    76236
    50-100     9775
   100-200     1035
   200-500        0
  500-1000        0
 1000-2000        0
 2000-5000        0
5000-10000        0
    >10000        0
writing hill reports...
hill reports written
=== IN TARGETED MODE - BEWARE!!! ===
deisotoping complete
isotopes, n=456966

=== OUTPUT ===
  writing targeted isotope pattern file Quandenser_output/percolator/search_and_link_4_to_1.psms.pout_dinosaur/A2.targets.csv

=== PROFILING ===
         mzml parse time: _ days __:__:30.097
           centroid time: _ days __:__:__.___
        hill report time: _ days __:__:48.179
          deisotope time: _ days __:_1:19.925
 iso pattern report time: _ days __:__:__.___
         mass calib time: _ days __:__:30.381
              write time: _ days __:__:_5.387

         deiso edge time: _ days __:__:__.___
          deiso rip time: _ days __:__:__.___
       deiso deconv time: _ days __:__:__.___

total time: _ days __:_3:23.408
Dinosaur 1.1.3    built:${maven.build.timestamp}
  mzML file: /proj/snic2019-8-16/nobackup/MSfiles/mzML/A3.mzML
    out dir: Quandenser_output/percolator/search_and_link_8_to_2.psms.pout_dinosaur
   out name: A3

.                              .
[==============================]all hills, n=921343
hill checkSum = 319167462073147
peaky hills, n=910008
peaky hill checkSum = 311926346295225
  nScans    nHills
         2        0
         3   255804
         4   139758
      5-10   277015
     10-20   150079
     20-50    76530
    50-100     9730
   100-200     1092
   200-500        0
  500-1000        0
 1000-2000        0
 2000-5000        0
5000-10000        0
    >10000        0
writing hill reports...
hill reports written
=== IN TARGETED MODE - BEWARE!!! ===
deisotoping complete
isotopes, n=525904

=== OUTPUT ===
  writing targeted isotope pattern file Quandenser_output/percolator/search_and_link_8_to_2.psms.pout_dinosaur/A3.targets.csv

=== PROFILING ===
         mzml parse time: _ days __:__:26.676
           centroid time: _ days __:__:__.___
        hill report time: _ days __:__:50.289
          deisotope time: _ days __:_2:16.167
 iso pattern report time: _ days __:__:__.___
         mass calib time: _ days __:__:24.346
              write time: _ days __:__:_7.190

         deiso edge time: _ days __:__:__.___
          deiso rip time: _ days __:__:__.___
       deiso deconv time: _ days __:__:__.___

total time: _ days __:_4:20.043
Dinosaur 1.1.3    built:${maven.build.timestamp}
  mzML file: /proj/snic2019-8-16/nobackup/MSfiles/mzML/A1.mzML
    out dir: Quandenser_output/percolator/search_and_link_1_to_0.psms.pout_dinosaur
   out name: A1

.                              .
[==============================]all hills, n=927733
hill checkSum = 324631370324118
peaky hills, n=916241
peaky hill checkSum = 317221601954787
  nScans    nHills
         2        0
         3   257503
         4   140685
      5-10   279192
     10-20   151649
     20-50    76478
    50-100     9668
   100-200     1066
   200-500        0
  500-1000        0
 1000-2000        0
 2000-5000        0
5000-10000        0
    >10000        0
writing hill reports...
hill reports written
=== IN TARGETED MODE - BEWARE!!! ===
deisotoping complete
isotopes, n=549497

=== OUTPUT ===
  writing targeted isotope pattern file Quandenser_output/percolator/search_and_link_1_to_0.psms.pout_dinosaur/A1.targets.csv

=== PROFILING ===
         mzml parse time: _ days __:__:24.825
           centroid time: _ days __:__:__.___
        hill report time: _ days __:__:49.287
          deisotope time: _ days __:_2:14.423
 iso pattern report time: _ days __:__:__.___
         mass calib time: _ days __:__:31.643
              write time: _ days __:__:_7.071

         deiso edge time: _ days __:__:__.___
          deiso rip time: _ days __:__:__.___
       deiso deconv time: _ days __:__:__.___

total time: _ days __:_4:23.591
Dinosaur 1.1.3    built:${maven.build.timestamp}
  mzML file: /proj/snic2019-8-16/nobackup/MSfiles/mzML/A1.mzML
    out dir: Quandenser_output/percolator/search_and_link_2_to_0.psms.pout_dinosaur
   out name: A1

.                              .
[==============================]all hills, n=927733
hill checkSum = 324631375067538
peaky hills, n=916241
peaky hill checkSum = 317221606620685
  nScans    nHills
         2        0
         3   257503
         4   140685
      5-10   279192
     10-20   151649
     20-50    76478
    50-100     9668
   100-200     1066
   200-500        0
  500-1000        0
 1000-2000        0
 2000-5000        0
5000-10000        0
    >10000        0
writing hill reports...
hill reports written
=== IN TARGETED MODE - BEWARE!!! ===
deisotoping complete
isotopes, n=539830

=== OUTPUT ===
  writing targeted isotope pattern file Quandenser_output/percolator/search_and_link_2_to_0.psms.pout_dinosaur/A1.targets.csv

=== PROFILING ===
         mzml parse time: _ days __:__:25.164
           centroid time: _ days __:__:__.___
        hill report time: _ days __:__:53.374
          deisotope time: _ days __:_1:59.227
 iso pattern report time: _ days __:__:__.___
         mass calib time: _ days __:__:29.421
              write time: _ days __:__:_8.135

         deiso edge time: _ days __:__:__.___
          deiso rip time: _ days __:__:__.___
       deiso deconv time: _ days __:__:__.___

total time: _ days __:_4:10.504
Dinosaur 1.1.3    built:${maven.build.timestamp}
  mzML file: /proj/snic2019-8-16/nobackup/MSfiles/mzML/A1.mzML
    out dir: Quandenser_output/percolator/search_and_link_3_to_0.psms.pout_dinosaur
   out name: A1

.                              .
[==============================]all hills, n=927733
hill checkSum = 324631371794567
peaky hills, n=916241
peaky hill checkSum = 317221603373384
  nScans    nHills
         2        0
         3   257503
         4   140685
      5-10   279192
     10-20   151649
     20-50    76478
    50-100     9668
   100-200     1066
   200-500        0
  500-1000        0
 1000-2000        0
 2000-5000        0
5000-10000        0
    >10000        0
writing hill reports...
hill reports written
=== IN TARGETED MODE - BEWARE!!! ===
deisotoping complete
isotopes, n=386729

=== OUTPUT ===
  writing targeted isotope pattern file Quandenser_output/percolator/search_and_link_3_to_0.psms.pout_dinosaur/A1.targets.csv

=== PROFILING ===
         mzml parse time: _ days __:__:24.896
           centroid time: _ days __:__:__.___
        hill report time: _ days __:__:59.258
          deisotope time: _ days __:__:54.921
 iso pattern report time: _ days __:__:__.___
         mass calib time: _ days __:__:22.121
              write time: _ days __:__:_4.243

         deiso edge time: _ days __:__:__.___
          deiso rip time: _ days __:__:__.___
       deiso deconv time: _ days __:__:__.___

total time: _ days __:_2:52.932
Dinosaur 1.1.3    built:${maven.build.timestamp}
  mzML file: /proj/snic2019-8-16/nobackup/MSfiles/mzML/A2.mzML
    out dir: Quandenser_output/percolator/search_and_link_0_to_1.psms.pout_dinosaur
   out name: A2

.                              .
[==============================]all hills, n=914241
hill checkSum = 314638609353518
peaky hills, n=903370
peaky hill checkSum = 307732240170184
  nScans    nHills
         2        0
         3   253940
         4   139200
      5-10   273312
     10-20   149872
     20-50    76236
    50-100     9775
   100-200     1035
   200-500        0
  500-1000        0
 1000-2000        0
 2000-5000        0
5000-10000        0
    >10000        0
writing hill reports...
hill reports written
=== IN TARGETED MODE - BEWARE!!! ===
deisotoping complete
isotopes, n=608279

=== OUTPUT ===
  writing targeted isotope pattern file Quandenser_output/percolator/search_and_link_0_to_1.psms.pout_dinosaur/A2.targets.csv

=== PROFILING ===
         mzml parse time: _ days __:__:26.644
           centroid time: _ days __:__:__.___
        hill report time: _ days __:__:52.211
          deisotope time: _ days __:_4:45.561
 iso pattern report time: _ days __:__:__.___
         mass calib time: _ days __:__:31.382
              write time: _ days __:__:18.612

         deiso edge time: _ days __:__:__.___
          deiso rip time: _ days __:__:__.___
       deiso deconv time: _ days __:__:__.___

total time: _ days __:_7:34.533
Dinosaur 1.1.3    built:${maven.build.timestamp}
  mzML file: /proj/snic2019-8-16/nobackup/MSfiles/mzML/A3.mzML
    out dir: Quandenser_output/percolator/search_and_link_0_to_2.psms.pout_dinosaur
   out name: A3

.                              .
[==============================]all hills, n=921343
hill checkSum = 319167465220699
peaky hills, n=910008
peaky hill checkSum = 311926349394553
  nScans    nHills
         2        0
         3   255804
         4   139758
      5-10   277015
     10-20   150079
     20-50    76530
    50-100     9730
   100-200     1092
   200-500        0
  500-1000        0
 1000-2000        0
 2000-5000        0
5000-10000        0
    >10000        0
writing hill reports...
hill reports written
=== IN TARGETED MODE - BEWARE!!! ===
deisotoping complete
isotopes, n=597357

=== OUTPUT ===
  writing targeted isotope pattern file Quandenser_output/percolator/search_and_link_0_to_2.psms.pout_dinosaur/A3.targets.csv

=== PROFILING ===
         mzml parse time: _ days __:__:27.056
           centroid time: _ days __:__:__.___
        hill report time: _ days __:__:46.310
          deisotope time: _ days __:_3:53.088
 iso pattern report time: _ days __:__:__.___
         mass calib time: _ days __:__:31.295
              write time: _ days __:__:16.254

         deiso edge time: _ days __:__:__.___
          deiso rip time: _ days __:__:__.___
       deiso deconv time: _ days __:__:__.___

total time: _ days __:_6:24.445
Dinosaur 1.1.3    built:${maven.build.timestamp}
  mzML file: /proj/snic2019-8-16/nobackup/MSfiles/mzML/B1.mzML
    out dir: Quandenser_output/percolator/search_and_link_0_to_3.psms.pout_dinosaur
   out name: B1

.                              .
[==============================]all hills, n=909707
hill checkSum = 312186322497294
peaky hills, n=899333
peaky hill checkSum = 305617097126432
  nScans    nHills
         2        0
         3   260432
         4   140996
      5-10   272303
     10-20   145050
     20-50    71151
    50-100     8444
   100-200      957
   200-500        0
  500-1000        0
 1000-2000        0
 2000-5000        0
5000-10000        0
    >10000        0
writing hill reports...
hill reports written
=== IN TARGETED MODE - BEWARE!!! ===
deisotoping complete
isotopes, n=578737

=== OUTPUT ===
  writing targeted isotope pattern file Quandenser_output/percolator/search_and_link_0_to_3.psms.pout_dinosaur/B1.targets.csv

=== PROFILING ===
         mzml parse time: _ days __:__:26.255
           centroid time: _ days __:__:__.___
        hill report time: _ days __:__:51.281
          deisotope time: _ days __:_3:18.334
 iso pattern report time: _ days __:__:__.___
         mass calib time: _ days __:__:27.937
              write time: _ days __:__:15.585

         deiso edge time: _ days __:__:__.___
          deiso rip time: _ days __:__:__.___
       deiso deconv time: _ days __:__:__.___

total time: _ days __:_5:50.212
Dinosaur 1.1.3    built:${maven.build.timestamp}
  mzML file: /proj/snic2019-8-16/nobackup/MSfiles/mzML/B2.mzML
    out dir: Quandenser_output/percolator/search_and_link_1_to_4.psms.pout_dinosaur
   out name: B2

.                              .
[==============================]all hills, n=915504
hill checkSum = 316368480203109
peaky hills, n=904930
peaky hill checkSum = 309604266330340
  nScans    nHills
         2        0
         3   263343
         4   141140
      5-10   274138
     10-20   145578
     20-50    71272
    50-100     8541
   100-200      918
   200-500        0
  500-1000        0
 1000-2000        0
 2000-5000        0
5000-10000        0
    >10000        0
writing hill reports...
hill reports written
=== IN TARGETED MODE - BEWARE!!! ===
deisotoping complete
isotopes, n=588180

=== OUTPUT ===
  writing targeted isotope pattern file Quandenser_output/percolator/search_and_link_1_to_4.psms.pout_dinosaur/B2.targets.csv

=== PROFILING ===
         mzml parse time: _ days __:__:25.445
           centroid time: _ days __:__:__.___
        hill report time: _ days __:__:44.003
          deisotope time: _ days __:_3:59.406
 iso pattern report time: _ days __:__:__.___
         mass calib time: _ days __:__:30.294
              write time: _ days __:__:17.344

         deiso edge time: _ days __:__:__.___
          deiso rip time: _ days __:__:__.___
       deiso deconv time: _ days __:__:__.___

total time: _ days __:_6:29.006
Dinosaur 1.1.3    built:${maven.build.timestamp}
  mzML file: /proj/snic2019-8-16/nobackup/MSfiles/mzML/C3.mzML
    out dir: Quandenser_output/percolator/search_and_link_2_to_8.psms.pout_dinosaur
   out name: C3

.                              .
[==============================]all hills, n=899367
hill checkSum = 294190553424092
peaky hills, n=885902
peaky hill checkSum = 286054385011860
  nScans    nHills
         2        0
         3   238218
         4   131029
      5-10   271676
     10-20   154615
     20-50    78496
    50-100    10591
   100-200     1277
   200-500        0
  500-1000        0
 1000-2000        0
 2000-5000        0
5000-10000        0
    >10000        0
writing hill reports...
hill reports written
=== IN TARGETED MODE - BEWARE!!! ===
deisotoping complete
isotopes, n=548870

=== OUTPUT ===
  writing targeted isotope pattern file Quandenser_output/percolator/search_and_link_2_to_8.psms.pout_dinosaur/C3.targets.csv

=== PROFILING ===
         mzml parse time: _ days __:__:29.967
           centroid time: _ days __:__:__.___
        hill report time: _ days __:__:51.142
          deisotope time: _ days __:_5:18.169
 iso pattern report time: _ days __:__:__.___
         mass calib time: _ days __:__:23.450
              write time: _ days __:__:18.447

         deiso edge time: _ days __:__:__.___
          deiso rip time: _ days __:__:__.___
       deiso deconv time: _ days __:__:__.___

total time: _ days __:_8:01.042
Dinosaur 1.1.3    built:${maven.build.timestamp}
  mzML file: /proj/snic2019-8-16/nobackup/MSfiles/mzML/B3.mzML
    out dir: Quandenser_output/percolator/search_and_link_4_to_5.psms.pout_dinosaur
   out name: B3

.                              .
[==============================]all hills, n=908824
hill checkSum = 311174234545519
peaky hills, n=898266
peaky hill checkSum = 304500409737731
  nScans    nHills
         2        0
         3   261057
         4   140241
      5-10   270961
     10-20   144985
     20-50    71581
    50-100     8506
   100-200      935
   200-500        0
  500-1000        0
 1000-2000        0
 2000-5000        0
5000-10000        0
    >10000        0
writing hill reports...
hill reports written
=== IN TARGETED MODE - BEWARE!!! ===
deisotoping complete
isotopes, n=577949

=== OUTPUT ===
  writing targeted isotope pattern file Quandenser_output/percolator/search_and_link_4_to_5.psms.pout_dinosaur/B3.targets.csv

=== PROFILING ===
         mzml parse time: _ days __:__:26.757
           centroid time: _ days __:__:__.___
        hill report time: _ days __:__:50.915
          deisotope time: _ days __:_3:25.931
 iso pattern report time: _ days __:__:__.___
         mass calib time: _ days __:__:30.236
              write time: _ days __:__:18.203

         deiso edge time: _ days __:__:__.___
          deiso rip time: _ days __:__:__.___
       deiso deconv time: _ days __:__:__.___

total time: _ days __:_6:04.518
Dinosaur 1.1.3    built:${maven.build.timestamp}
  mzML file: /proj/snic2019-8-16/nobackup/MSfiles/mzML/C2.mzML
    out dir: Quandenser_output/percolator/search_and_link_8_to_7.psms.pout_dinosaur
   out name: C2

.                              .
[==============================]all hills, n=887877
hill checkSum = 286477511532895
peaky hills, n=875064
peaky hill checkSum = 278831435702313
  nScans    nHills
         2        0
         3   235486
         4   130287
      5-10   268124
     10-20   151802
     20-50    77426
    50-100    10609
   100-200     1330
   200-500        0
  500-1000        0
 1000-2000        0
 2000-5000        0
5000-10000        0
    >10000        0
writing hill reports...
hill reports written
=== IN TARGETED MODE - BEWARE!!! ===
deisotoping complete
isotopes, n=527564

=== OUTPUT ===
  writing targeted isotope pattern file Quandenser_output/percolator/search_and_link_8_to_7.psms.pout_dinosaur/C2.targets.csv

=== PROFILING ===
         mzml parse time: _ days __:__:25.454
           centroid time: _ days __:__:__.___
        hill report time: _ days __:__:52.503
          deisotope time: _ days __:_3:50.934
 iso pattern report time: _ days __:__:__.___
         mass calib time: _ days __:__:30.838
              write time: _ days __:__:16.557

         deiso edge time: _ days __:__:__.___
          deiso rip time: _ days __:__:__.___
       deiso deconv time: _ days __:__:__.___

total time: _ days __:_6:25.516
Dinosaur 1.1.3    built:${maven.build.timestamp}
  mzML file: /proj/snic2019-8-16/nobackup/MSfiles/mzML/C1.mzML
    out dir: Quandenser_output/percolator/search_and_link_7_to_6.psms.pout_dinosaur
   out name: C1

.                              .
[==============================]all hills, n=885425
hill checkSum = 285307873978498
peaky hills, n=872610
peaky hill checkSum = 277653445894479
  nScans    nHills
         2        0
         3   236122
         4   130068
      5-10   267832
     10-20   150404
     20-50    76122
    50-100    10760
   100-200     1302
   200-500        0
  500-1000        0
 1000-2000        0
 2000-5000        0
5000-10000        0
    >10000        0
writing hill reports...
hill reports written
=== IN TARGETED MODE - BEWARE!!! ===
deisotoping complete
isotopes, n=526183

=== OUTPUT ===
  writing targeted isotope pattern file Quandenser_output/percolator/search_and_link_7_to_6.psms.pout_dinosaur/C1.targets.csv

=== PROFILING ===
         mzml parse time: _ days __:__:27.762
           centroid time: _ days __:__:__.___
        hill report time: _ days __:__:48.078
          deisotope time: _ days __:_3:28.008
 iso pattern report time: _ days __:__:__.___
         mass calib time: _ days __:__:28.284
              write time: _ days __:__:15.710

         deiso edge time: _ days __:__:__.___
          deiso rip time: _ days __:__:__.___
       deiso deconv time: _ days __:__:__.___

total time: _ days __:_5:56.975
[9d/114d0f] Submitted process > tide_perc_search
[8d/f68235] Submitted process > triqler
Processing cluster 10000
Processing cluster 20000
Processing cluster 30000
Processing cluster 40000
Processing cluster 50000
Calculating factor array 1
Calculating factor array 2
Calculating factor array 3
Calculating factor array 4
Calculating factor array 5
Calculating factor array 6
Calculating factor array 7
Calculating factor array 8
Calculating factor array 9
Writing Quandenser_output/Quandenser.feature_groups.normalized.tsv
Writing cluster 10000
Writing cluster 20000
Writing cluster 30000
Writing cluster 40000
Writing cluster 50000
Parsing cluster quant file
Processing feature group 1
Processing feature group 10001
Processing feature group 20001
Processing feature group 30001
Processing feature group 40001
Processing feature group 50001
Triqler version 0.1.4
Copyright (c) 2018 Matthew The. All rights reserved.
Written by Matthew The (matthew.the@scilifelab.se) in the
School of Engineering Sciences in Chemistry, Biotechnology and Health at the 
Royal Institute of Technology in Stockholm.
  
Parsing triqler input file
Calculating identification PEPs
featureClusterIdx: 0
featureClusterIdx: 10000
featureClusterIdx: 20000
featureClusterIdx: 30000
featureClusterIdx: 40000
featureClusterIdx: 50000
Dividing intensities by 10000 for increased readability
Surviving spectrumIdxs: 53851
Converting to peptide quant rows
Calculating peptide-level identification PEPs
Writing peptide quant rows to file
Fitting hyperparameters
params["muDetect"], params["sigmaDetect"] = 1.567812, 0.451611
params["muXIC"], params["sigmaXIC"] = 3.322832, 0.908510
params["muProtein"], params["sigmaProtein"] = 0.025230, 0.160472
params["muFeatureDiff"], params["sigmaFeatureDiff"] = -0.008518, 0.126906
params["shapeInGroupStdevs"], params["scaleInGroupStdevs"] = 1.048146, 0.074103
Calculating protein quants
50 / 1153 4.34%
100 / 1153 8.67%
150 / 1153 13.01%
200 / 1153 17.35%
250 / 1153 21.68%
300 / 1153 26.02%
350 / 1153 30.36%
400 / 1153 34.69%
450 / 1153 39.03%
500 / 1153 43.37%
550 / 1153 47.70%
600 / 1153 52.04%
650 / 1153 56.37%
700 / 1153 60.71%
750 / 1153 65.05%
800 / 1153 69.38%
850 / 1153 73.72%
900 / 1153 78.06%
950 / 1153 82.39%
1000 / 1153 86.73%
1050 / 1153 91.07%
1100 / 1153 95.40%
1150 / 1153 99.74%
Calculating protein-level identification PEPs
proteins.1vs2.tsv
proteins.1vs3.tsv
proteins.2vs3.tsv
Received: proteins.1vs2.tsv
Received: proteins.1vs3.tsv
Received: proteins.2vs3.tsv
